-------------------------------------------------------------------------------
Test set: com.alexrupp.persistentdataapi.PersistentDataApiApplicationTests
-------------------------------------------------------------------------------
Tests run: 1, Failures: 0, Errors: 1, Skipped: 0, Time elapsed: 1.634 s <<< FAILURE! - in com.alexrupp.persistentdataapi.PersistentDataApiApplicationTests
contextLoads  Time elapsed: 0.002 s  <<< ERROR!
java.lang.IllegalStateException: Failed to load ApplicationContext
Caused by: org.springframework.beans.factory.UnsatisfiedDependencyException: Error creating bean with name 'userService': Unsatisfied dependency expressed through field 'userRepository'; nested exception is org.springframework.beans.factory.BeanCreationException: Error creating bean with name 'userRepository' defined in com.alexrupp.persistentdataapi.repositories.UserRepository defined in @EnableJpaRepositories declared on JpaRepositoriesRegistrar.EnableJpaRepositoriesConfiguration: Invocation of init method failed; nested exception is org.springframework.data.repository.query.QueryCreationException: Could not create query for public abstract java.util.List com.alexrupp.persistentdataapi.repositories.UserRepository.findByUserId(java.lang.String); Reason: Failed to create query for method public abstract java.util.List com.alexrupp.persistentdataapi.repositories.UserRepository.findByUserId(java.lang.String)! No property 'userId' found for type 'User' Did you mean ''user_id''; nested exception is java.lang.IllegalArgumentException: Failed to create query for method public abstract java.util.List com.alexrupp.persistentdataapi.repositories.UserRepository.findByUserId(java.lang.String)! No property 'userId' found for type 'User' Did you mean ''user_id''
Caused by: org.springframework.beans.factory.BeanCreationException: Error creating bean with name 'userRepository' defined in com.alexrupp.persistentdataapi.repositories.UserRepository defined in @EnableJpaRepositories declared on JpaRepositoriesRegistrar.EnableJpaRepositoriesConfiguration: Invocation of init method failed; nested exception is org.springframework.data.repository.query.QueryCreationException: Could not create query for public abstract java.util.List com.alexrupp.persistentdataapi.repositories.UserRepository.findByUserId(java.lang.String); Reason: Failed to create query for method public abstract java.util.List com.alexrupp.persistentdataapi.repositories.UserRepository.findByUserId(java.lang.String)! No property 'userId' found for type 'User' Did you mean ''user_id''; nested exception is java.lang.IllegalArgumentException: Failed to create query for method public abstract java.util.List com.alexrupp.persistentdataapi.repositories.UserRepository.findByUserId(java.lang.String)! No property 'userId' found for type 'User' Did you mean ''user_id''
Caused by: org.springframework.data.repository.query.QueryCreationException: Could not create query for public abstract java.util.List com.alexrupp.persistentdataapi.repositories.UserRepository.findByUserId(java.lang.String); Reason: Failed to create query for method public abstract java.util.List com.alexrupp.persistentdataapi.repositories.UserRepository.findByUserId(java.lang.String)! No property 'userId' found for type 'User' Did you mean ''user_id''; nested exception is java.lang.IllegalArgumentException: Failed to create query for method public abstract java.util.List com.alexrupp.persistentdataapi.repositories.UserRepository.findByUserId(java.lang.String)! No property 'userId' found for type 'User' Did you mean ''user_id''
Caused by: java.lang.IllegalArgumentException: Failed to create query for method public abstract java.util.List com.alexrupp.persistentdataapi.repositories.UserRepository.findByUserId(java.lang.String)! No property 'userId' found for type 'User' Did you mean ''user_id''
Caused by: org.springframework.data.mapping.PropertyReferenceException: No property 'userId' found for type 'User' Did you mean ''user_id''

